# JRE version: OpenJDK Runtime Environment AdoptOpenJDK (11.0.10+9) (build 11.0.10+9)
# Java VM: OpenJDK 64-Bit Server VM AdoptOpenJDK (11.0.10+9, mixed mode, tiered, compressed oops, g1 gc, windows-amd64)
Heap:
 garbage-first heap   total 178176K, used 71756K [0x0000000080000000, 0x0000000100000000)
  region size 1024K, 1 young (1024K), 1 survivors (1024K)
 Metaspace       used 83345K, capacity 85517K, committed 85584K, reserved 1124352K
  class space    used 10620K, capacity 11388K, committed 11392K, reserved 1048576K
GC Heap History (20 events):
Event: 241.375 GC heap after
{Heap after GC invocations=83 (full 0):
 garbage-first heap   total 121856K, used 67639K [0x0000000080000000, 0x0000000100000000)
  region size 1024K, 1 young (1024K), 1 survivors (1024K)
 Metaspace       used 79790K, capacity 81735K, committed 81872K, reserved 1120256K
  class space    used 10260K, capacity 10957K, committed 11008K, reserved 1048576K
}
Event: 263.247 GC heap before
{Heap before GC invocations=83 (full 0):
 garbage-first heap   total 121856K, used 90167K [0x0000000080000000, 0x0000000100000000)
  region size 1024K, 24 young (24576K), 1 survivors (1024K)
 Metaspace       used 80353K, capacity 82394K, committed 82512K, reserved 1120256K
  class space    used 10328K, capacity 11034K, committed 11136K, reserved 1048576K
}
Event: 263.548 GC heap after
{Heap after GC invocations=84 (full 0):
 garbage-first heap   total 121856K, used 68581K [0x0000000080000000, 0x0000000100000000)
  region size 1024K, 2 young (2048K), 2 survivors (2048K)
 Metaspace       used 80353K, capacity 82394K, committed 82512K, reserved 1120256K
  class space    used 10328K, capacity 11034K, committed 11136K, reserved 1048576K
}
Event: 274.130 GC heap before
{Heap before GC invocations=85 (full 0):
 garbage-first heap   total 121856K, used 80869K [0x0000000080000000, 0x0000000100000000)
  region size 1024K, 16 young (16384K), 2 survivors (2048K)
 Metaspace       used 81216K, capacity 83241K, committed 83280K, reserved 1122304K
  class space    used 10418K, capacity 11104K, committed 11136K, reserved 1048576K
}
Event: 274.200 GC heap after
{Heap after GC invocations=86 (full 0):
 garbage-first heap   total 146432K, used 68739K [0x0000000080000000, 0x0000000100000000)
  region size 1024K, 2 young (2048K), 2 survivors (2048K)
 Metaspace       used 81216K, capacity 83241K, committed 83280K, reserved 1122304K
  class space    used 10418K, capacity 11104K, committed 11136K, reserved 1048576K
}
Event: 274.417 GC heap before
{Heap before GC invocations=86 (full 0):
 garbage-first heap   total 146432K, used 72835K [0x0000000080000000, 0x0000000100000000)
  region size 1024K, 7 young (7168K), 2 survivors (2048K)
 Metaspace       used 81224K, capacity 83243K, committed 83280K, reserved 1122304K
  class space    used 10419K, capacity 11105K, committed 11136K, reserved 1048576K
}
Event: 274.437 GC heap after
{Heap after GC invocations=87 (full 0):
 garbage-first heap   total 146432K, used 67630K [0x0000000080000000, 0x0000000100000000)
  region size 1024K, 1 young (1024K), 1 survivors (1024K)
 Metaspace       used 81224K, capacity 83243K, committed 83280K, reserved 1122304K
  class space    used 10419K, capacity 11105K, committed 11136K, reserved 1048576K
}
Event: 278.336 GC heap before
{Heap before GC invocations=87 (full 0):
 garbage-first heap   total 146432K, used 94254K [0x0000000080000000, 0x0000000100000000)
  region size 1024K, 28 young (28672K), 1 survivors (1024K)
 Metaspace       used 81804K, capacity 83909K, committed 84176K, reserved 1122304K
  class space    used 10492K, capacity 11229K, committed 11264K, reserved 1048576K
}
Event: 278.383 GC heap after
{Heap after GC invocations=88 (full 0):
 garbage-first heap   total 146432K, used 69240K [0x0000000080000000, 0x0000000100000000)
  region size 1024K, 3 young (3072K), 3 survivors (3072K)
 Metaspace       used 81804K, capacity 83909K, committed 84176K, reserved 1122304K
  class space    used 10492K, capacity 11229K, committed 11264K, reserved 1048576K
}
Event: 316.307 GC heap before
{Heap before GC invocations=89 (full 0):
 garbage-first heap   total 146432K, used 105080K [0x0000000080000000, 0x0000000100000000)
  region size 1024K, 37 young (37888K), 3 survivors (3072K)
 Metaspace       used 82379K, capacity 84507K, committed 84816K, reserved 1122304K
  class space    used 10536K, capacity 11286K, committed 11392K, reserved 1048576K
}
Event: 316.524 GC heap after
{Heap after GC invocations=90 (full 0):
 garbage-first heap   total 146432K, used 69403K [0x0000000080000000, 0x0000000100000000)
  region size 1024K, 3 young (3072K), 3 survivors (3072K)
 Metaspace       used 82379K, capacity 84507K, committed 84816K, reserved 1122304K
  class space    used 10536K, capacity 11286K, committed 11392K, reserved 1048576K
}
Event: 340.763 GC heap before
{Heap before GC invocations=90 (full 0):
 garbage-first heap   total 146432K, used 72475K [0x0000000080000000, 0x0000000100000000)
  region size 1024K, 7 young (7168K), 3 survivors (3072K)
 Metaspace       used 82689K, capacity 84806K, committed 85072K, reserved 1122304K
  class space    used 10574K, capacity 11322K, committed 11392K, reserved 1048576K
}
Event: 340.996 GC heap after
{Heap after GC invocations=91 (full 0):
 garbage-first heap   total 146432K, used 68821K [0x0000000080000000, 0x0000000100000000)
  region size 1024K, 1 young (1024K), 1 survivors (1024K)
 Metaspace       used 82689K, capacity 84806K, committed 85072K, reserved 1122304K
  class space    used 10574K, capacity 11322K, committed 11392K, reserved 1048576K
}
Event: 341.635 GC heap before
{Heap before GC invocations=91 (full 0):
 garbage-first heap   total 146432K, used 73941K [0x0000000080000000, 0x0000000100000000)
  region size 1024K, 7 young (7168K), 1 survivors (1024K)
 Metaspace       used 82778K, capacity 84871K, committed 85072K, reserved 1122304K
  class space    used 10582K, capacity 11322K, committed 11392K, reserved 1048576K
}
Event: 341.720 GC heap after
{Heap after GC invocations=92 (full 0):
 garbage-first heap   total 146432K, used 69783K [0x0000000080000000, 0x0000000100000000)
  region size 1024K, 1 young (1024K), 1 survivors (1024K)
 Metaspace       used 82778K, capacity 84871K, committed 85072K, reserved 1122304K
  class space    used 10582K, capacity 11322K, committed 11392K, reserved 1048576K
}
Event: 349.645 GC heap before
{Heap before GC invocations=92 (full 0):
 garbage-first heap   total 146432K, used 78999K [0x0000000080000000, 0x0000000100000000)
  region size 1024K, 11 young (11264K), 1 survivors (1024K)
 Metaspace       used 83178K, capacity 85281K, committed 85328K, reserved 1124352K
  class space    used 10610K, capacity 11352K, committed 11392K, reserved 1048576K
}
Event: 350.144 GC heap after
{Heap after GC invocations=93 (full 0):
 garbage-first heap   total 146432K, used 70888K [0x0000000080000000, 0x0000000100000000)
  region size 1024K, 2 young (2048K), 2 survivors (2048K)
 Metaspace       used 83178K, capacity 85281K, committed 85328K, reserved 1124352K
  class space    used 10610K, capacity 11352K, committed 11392K, reserved 1048576K
}
Event: 351.141 GC heap before
{Heap before GC invocations=93 (full 0):
 garbage-first heap   total 146432K, used 79080K [0x0000000080000000, 0x0000000100000000)
  region size 1024K, 11 young (11264K), 2 survivors (2048K)
 Metaspace       used 83236K, capacity 85409K, committed 85584K, reserved 1124352K
  class space    used 10610K, capacity 11352K, committed 11392K, reserved 1048576K
}
Event: 351.669 GC heap after
{Heap after GC invocations=94 (full 0):
 garbage-first heap   total 146432K, used 71209K [0x0000000080000000, 0x0000000100000000)
  region size 1024K, 1 young (1024K), 1 survivors (1024K)
 Metaspace       used 83236K, capacity 85409K, committed 85584K, reserved 1124352K
  class space    used 10610K, capacity 11352K, committed 11392K, reserved 1048576K
}
Event: 354.327 GC heap before
{Heap before GC invocations=95 (full 0):
 garbage-first heap   total 146432K, used 76329K [0x0000000080000000, 0x0000000100000000)
  region size 1024K, 7 young (7168K), 1 survivors (1024K)
 Metaspace       used 83345K, capacity 85517K, committed 85584K, reserved 1124352K
  class space    used 10620K, capacity 11388K, committed 11392K, reserved 1048576K
}

